android/build/intermediates/manifest_merge_blame_file/debug/manifest-merger-blame-debug-report.txt
1<?xml version="1.0" encoding="utf-8"?>
2<manifest xmlns:android="http://schemas.android.com/apk/res/android"
3    package="com.programlab.capacitor_pdf"
4    android:versionCode="1"
5    android:versionName="1.0" >
6
7    <uses-sdk
8        android:minSdkVersion="21"
8-->src/main/AndroidManifest.xml
9        android:targetSdkVersion="29" />
9-->src/main/AndroidManifest.xml
10
11    <uses-permission android:name="android.permission.INTERNET" />
11-->src/main/AndroidManifest.xml:4:5-66
11-->src/main/AndroidManifest.xml:4:22-64
12    <uses-permission android:name="android.permission.WRITE_EXTERNAL_STORAGE" />
12-->src/main/AndroidManifest.xml:5:5-80
12-->src/main/AndroidManifest.xml:5:22-78
13    <uses-permission android:name="android.permission.READ_EXTERNAL_STORAGE" />
13-->src/main/AndroidManifest.xml:6:5-79
13-->src/main/AndroidManifest.xml:6:22-77
14
15    <application>
15-->src/main/AndroidManifest.xml:7:5-10:19
16        <activity android:name="com.programlab.capacitor_pdf.NavigatorActivity" />
16-->src/main/AndroidManifest.xml:8:9-64
16-->src/main/AndroidManifest.xml:8:19-52
17        <activity android:name="com.programlab.capacitor_pdf.PdfActivity" />
17-->src/main/AndroidManifest.xml:9:9-49
17-->src/main/AndroidManifest.xml:9:19-46
18    </application>
19
20</manifest>